<?xml version="1.0" encoding="UTF-8"?>
<testsuite name="unitTests.FileOptionExtractorTest" tests="3" skipped="0" failures="0" errors="0" timestamp="2020-12-25T12:22:19" hostname="DESKTOP-S" time="0.034">
  <properties/>
  <testcase name="shouldExtractTwoFileOptions()" classname="unitTests.FileOptionExtractorTest" time="0.01"/>
  <testcase name="shouldExtractFileOption1AsTheFirst()" classname="unitTests.FileOptionExtractorTest" time="0.008"/>
  <testcase name="shouldExtractFileOption2AsTheSecond()" classname="unitTests.FileOptionExtractorTest" time="0.01"/>
  <system-out><![CDATA[triggered
line: [ID]: <> (5fdc6765-6622-4e00-80e1-91b5be6fe0e1)
true
valid
line: [ID]: <> (686b09f2-9e99-42b3-b2dc-576b43e95cbf)
true
valid
line: Since this is not a fileOption, the extractor should ignore everything below this line
false
triggered
line: [ID]: <> (5fdc6765-6622-4e00-80e1-91b5be6fe0e1)
true
valid
line: [ID]: <> (686b09f2-9e99-42b3-b2dc-576b43e95cbf)
true
valid
line: Since this is not a fileOption, the extractor should ignore everything below this line
false
triggered
line: [ID]: <> (5fdc6765-6622-4e00-80e1-91b5be6fe0e1)
true
valid
line: [ID]: <> (686b09f2-9e99-42b3-b2dc-576b43e95cbf)
true
valid
line: Since this is not a fileOption, the extractor should ignore everything below this line
false
]]></system-out>
  <system-err><![CDATA[]]></system-err>
</testsuite>
