<?xml version="1.0" encoding="UTF-8"?>
<testsuite name="unitTests.FileHandlerImplTest" tests="2" skipped="0" failures="0" errors="0" timestamp="2020-12-25T12:22:19" hostname="DESKTOP-S" time="0.012">
  <properties/>
  <testcase name="shouldReadline()" classname="unitTests.FileHandlerImplTest" time="0.007"/>
  <testcase name="shouldHasNextTwice()" classname="unitTests.FileHandlerImplTest" time="0.003"/>
  <system-out><![CDATA[]]></system-out>
  <system-err><![CDATA[]]></system-err>
</testsuite>
