<?xml version="1.0" encoding="UTF-8"?>
<testsuite name="unitTests.ValidatorTest" tests="2" skipped="0" failures="0" errors="0" timestamp="2020-12-25T12:22:19" hostname="DESKTOP-S" time="0.005">
  <properties/>
  <testcase name="shouldBeInvalidFileOption()" classname="unitTests.ValidatorTest" time="0.002"/>
  <testcase name="shouldBeValidFileOptionFormat()" classname="unitTests.ValidatorTest" time="0.002"/>
  <system-out><![CDATA[]]></system-out>
  <system-err><![CDATA[]]></system-err>
</testsuite>
