<?xml version="1.0" encoding="UTF-8"?>
<testsuite name="unitTests.FileUtilsSuiteClasses.FileUtils_listAllFilesFrom" tests="2" skipped="0" failures="0" errors="0" timestamp="2020-12-25T12:22:19" hostname="DESKTOP-S" time="0.012">
  <properties/>
  <testcase name="shouldRetrieveAllFiles()" classname="unitTests.FileUtilsSuiteClasses.FileUtils_listAllFilesFrom" time="0.004"/>
  <testcase name="shouldRetrieveFilesDepthFirst()" classname="unitTests.FileUtilsSuiteClasses.FileUtils_listAllFilesFrom" time="0.007"/>
  <system-out><![CDATA[]]></system-out>
  <system-err><![CDATA[]]></system-err>
</testsuite>
