<?xml version="1.0" encoding="UTF-8"?>
<testsuite name="unitTests.ValidatorTest" tests="2" skipped="0" failures="0" errors="0" timestamp="2020-12-18T23:31:41" hostname="DESKTOP-S" time="0.004">
  <properties/>
  <testcase name="shouldBeInvalidFileOption()" classname="unitTests.ValidatorTest" time="0.002"/>
  <testcase name="shouldBeValidFileOption()" classname="unitTests.ValidatorTest" time="0.001"/>
  <system-out><![CDATA[]]></system-out>
  <system-err><![CDATA[]]></system-err>
</testsuite>
