<?xml version="1.0" encoding="UTF-8"?>
<testsuite name="unitTests.CompilerTest" tests="1" skipped="0" failures="1" errors="0" timestamp="2020-12-27T00:25:35" hostname="DESKTOP-S" time="0.101">
  <properties/>
  <testcase name="shouldCompileFilesWhenListOfFileOptionsContainsDLINKS()" classname="unitTests.CompilerTest" time="0.101">
    <failure message="org.opentest4j.AssertionFailedError: expected: &lt;[The ID of this file: &#10;&#10;22222222-2222-2222-2222-2222222222222&#10;&#10;This file has D_LINKS FileOption sat to true, but doesn't have any FileOption, so the compiler should not do anything to this file. , The ID of this file:&#10;&#10;11111111-1111-1111-1111-1111111111111&#10;&#10;[link to B](..B.md) &#10;&#10;[link to C](..nestedC.md)&#10;&#10;[link to D](..nestedx2nestedD.md), This file has ID:&#10;&#10;33333333-3333-3333-3333-3333333333333&#10;&#10;[link to A](....A.md)&#10;&#10;[link to B](....B.md) &#10;&#10;[link to D](..x2nestedD.md), This file has ID: &#10;&#10;44444444-4444-4444-4444-4444444444444&#10;&#10;[link to A](......A.md)&#10;&#10;[link to B](......B.md) &#10;&#10;[link to C](....C.md)]&gt; but was: &lt;[The ID of this file:&#10;&#10;11111111-1111-1111-1111-1111111111111&#10;&#10;[link to B](./B.md) &#10;&#10;[link to C](nested/C.md)&#10;&#10;[link to D](nested/x2Nested/D.md), This file has ID:&#10;&#10;33333333-3333-3333-3333-3333333333333&#10;&#10;[link to A](../A.md)&#10;&#10;[link to B](../B.md) &#10;&#10;[link to D](x2Nested/D.md), The ID of this file: &#10;&#10;22222222-2222-2222-2222-2222222222222&#10;&#10;This file has D_LINKS FileOption sat to true, but doesn't have any FileOption, so the compiler should not do anything to this file. , This file has ID: &#10;&#10;44444444-4444-4444-4444-4444444444444&#10;&#10;[link to A](../../A.md)&#10;&#10;[link to B](../../B.md) &#10;&#10;[link to C](../C.md)]&gt;" type="org.opentest4j.AssertionFailedError">org.opentest4j.AssertionFailedError: expected: &lt;[The ID of this file: 

22222222-2222-2222-2222-2222222222222

This file has D_LINKS FileOption sat to true, but doesn't have any FileOption, so the compiler should not do anything to this file. , The ID of this file:

11111111-1111-1111-1111-1111111111111

[link to B](..B.md) 

[link to C](..nestedC.md)

[link to D](..nestedx2nestedD.md), This file has ID:

33333333-3333-3333-3333-3333333333333

[link to A](....A.md)

[link to B](....B.md) 

[link to D](..x2nestedD.md), This file has ID: 

44444444-4444-4444-4444-4444444444444

[link to A](......A.md)

[link to B](......B.md) 

[link to C](....C.md)]&gt; but was: &lt;[The ID of this file:

11111111-1111-1111-1111-1111111111111

[link to B](./B.md) 

[link to C](nested/C.md)

[link to D](nested/x2Nested/D.md), This file has ID:

33333333-3333-3333-3333-3333333333333

[link to A](../A.md)

[link to B](../B.md) 

[link to D](x2Nested/D.md), The ID of this file: 

22222222-2222-2222-2222-2222222222222

This file has D_LINKS FileOption sat to true, but doesn't have any FileOption, so the compiler should not do anything to this file. , This file has ID: 

44444444-4444-4444-4444-4444444444444

[link to A](../../A.md)

[link to B](../../B.md) 

[link to C](../C.md)]&gt;
	at org.junit.jupiter.api.AssertionUtils.fail(AssertionUtils.java:55)
	at org.junit.jupiter.api.AssertionUtils.failNotEqual(AssertionUtils.java:62)
	at org.junit.jupiter.api.AssertEquals.assertEquals(AssertEquals.java:182)
	at org.junit.jupiter.api.AssertEquals.assertEquals(AssertEquals.java:177)
	at org.junit.jupiter.api.Assertions.assertEquals(Assertions.java:1124)
	at unitTests.CompilerTest.assertIdenticalMaps(CompilerTest.java:89)
	at unitTests.CompilerTest.shouldCompileFilesWhenListOfFileOptionsContainsDLINKS(CompilerTest.java:78)
	at java.base/jdk.internal.reflect.NativeMethodAccessorImpl.invoke0(Native Method)
	at java.base/jdk.internal.reflect.NativeMethodAccessorImpl.invoke(NativeMethodAccessorImpl.java:64)
	at java.base/jdk.internal.reflect.DelegatingMethodAccessorImpl.invoke(DelegatingMethodAccessorImpl.java:43)
	at java.base/java.lang.reflect.Method.invoke(Method.java:564)
	at org.junit.platform.commons.util.ReflectionUtils.invokeMethod(ReflectionUtils.java:686)
	at org.junit.jupiter.engine.execution.MethodInvocation.proceed(MethodInvocation.java:60)
	at org.junit.jupiter.engine.execution.InvocationInterceptorChain$ValidatingInvocation.proceed(InvocationInterceptorChain.java:131)
	at org.junit.jupiter.engine.extension.TimeoutExtension.intercept(TimeoutExtension.java:149)
	at org.junit.jupiter.engine.extension.TimeoutExtension.interceptTestableMethod(TimeoutExtension.java:140)
	at org.junit.jupiter.engine.extension.TimeoutExtension.interceptTestMethod(TimeoutExtension.java:84)
	at org.junit.jupiter.engine.execution.ExecutableInvoker$ReflectiveInterceptorCall.lambda$ofVoidMethod$0(ExecutableInvoker.java:115)
	at org.junit.jupiter.engine.execution.ExecutableInvoker.lambda$invoke$0(ExecutableInvoker.java:105)
	at org.junit.jupiter.engine.execution.InvocationInterceptorChain$InterceptedInvocation.proceed(InvocationInterceptorChain.java:106)
	at org.junit.jupiter.engine.execution.InvocationInterceptorChain.proceed(InvocationInterceptorChain.java:64)
	at org.junit.jupiter.engine.execution.InvocationInterceptorChain.chainAndInvoke(InvocationInterceptorChain.java:45)
	at org.junit.jupiter.engine.execution.InvocationInterceptorChain.invoke(InvocationInterceptorChain.java:37)
	at org.junit.jupiter.engine.execution.ExecutableInvoker.invoke(ExecutableInvoker.java:104)
	at org.junit.jupiter.engine.execution.ExecutableInvoker.invoke(ExecutableInvoker.java:98)
	at org.junit.jupiter.engine.descriptor.TestMethodTestDescriptor.lambda$invokeTestMethod$6(TestMethodTestDescriptor.java:205)
	at org.junit.platform.engine.support.hierarchical.ThrowableCollector.execute(ThrowableCollector.java:73)
	at org.junit.jupiter.engine.descriptor.TestMethodTestDescriptor.invokeTestMethod(TestMethodTestDescriptor.java:201)
	at org.junit.jupiter.engine.descriptor.TestMethodTestDescriptor.execute(TestMethodTestDescriptor.java:137)
	at org.junit.jupiter.engine.descriptor.TestMethodTestDescriptor.execute(TestMethodTestDescriptor.java:71)
	at org.junit.platform.engine.support.hierarchical.NodeTestTask.lambda$executeRecursively$5(NodeTestTask.java:135)
	at org.junit.platform.engine.support.hierarchical.ThrowableCollector.execute(ThrowableCollector.java:73)
	at org.junit.platform.engine.support.hierarchical.NodeTestTask.lambda$executeRecursively$7(NodeTestTask.java:125)
	at org.junit.platform.engine.support.hierarchical.Node.around(Node.java:135)
	at org.junit.platform.engine.support.hierarchical.NodeTestTask.lambda$executeRecursively$8(NodeTestTask.java:123)
	at org.junit.platform.engine.support.hierarchical.ThrowableCollector.execute(ThrowableCollector.java:73)
	at org.junit.platform.engine.support.hierarchical.NodeTestTask.executeRecursively(NodeTestTask.java:122)
	at org.junit.platform.engine.support.hierarchical.NodeTestTask.execute(NodeTestTask.java:80)
	at java.base/java.util.ArrayList.forEach(ArrayList.java:1511)
	at org.junit.platform.engine.support.hierarchical.SameThreadHierarchicalTestExecutorService.invokeAll(SameThreadHierarchicalTestExecutorService.java:38)
	at org.junit.platform.engine.support.hierarchical.NodeTestTask.lambda$executeRecursively$5(NodeTestTask.java:139)
	at org.junit.platform.engine.support.hierarchical.ThrowableCollector.execute(ThrowableCollector.java:73)
	at org.junit.platform.engine.support.hierarchical.NodeTestTask.lambda$executeRecursively$7(NodeTestTask.java:125)
	at org.junit.platform.engine.support.hierarchical.Node.around(Node.java:135)
	at org.junit.platform.engine.support.hierarchical.NodeTestTask.lambda$executeRecursively$8(NodeTestTask.java:123)
	at org.junit.platform.engine.support.hierarchical.ThrowableCollector.execute(ThrowableCollector.java:73)
	at org.junit.platform.engine.support.hierarchical.NodeTestTask.executeRecursively(NodeTestTask.java:122)
	at org.junit.platform.engine.support.hierarchical.NodeTestTask.execute(NodeTestTask.java:80)
	at java.base/java.util.ArrayList.forEach(ArrayList.java:1511)
	at org.junit.platform.engine.support.hierarchical.SameThreadHierarchicalTestExecutorService.invokeAll(SameThreadHierarchicalTestExecutorService.java:38)
	at org.junit.platform.engine.support.hierarchical.NodeTestTask.lambda$executeRecursively$5(NodeTestTask.java:139)
	at org.junit.platform.engine.support.hierarchical.ThrowableCollector.execute(ThrowableCollector.java:73)
	at org.junit.platform.engine.support.hierarchical.NodeTestTask.lambda$executeRecursively$7(NodeTestTask.java:125)
	at org.junit.platform.engine.support.hierarchical.Node.around(Node.java:135)
	at org.junit.platform.engine.support.hierarchical.NodeTestTask.lambda$executeRecursively$8(NodeTestTask.java:123)
	at org.junit.platform.engine.support.hierarchical.ThrowableCollector.execute(ThrowableCollector.java:73)
	at org.junit.platform.engine.support.hierarchical.NodeTestTask.executeRecursively(NodeTestTask.java:122)
	at org.junit.platform.engine.support.hierarchical.NodeTestTask.execute(NodeTestTask.java:80)
	at org.junit.platform.engine.support.hierarchical.SameThreadHierarchicalTestExecutorService.submit(SameThreadHierarchicalTestExecutorService.java:32)
	at org.junit.platform.engine.support.hierarchical.HierarchicalTestExecutor.execute(HierarchicalTestExecutor.java:57)
	at org.junit.platform.engine.support.hierarchical.HierarchicalTestEngine.execute(HierarchicalTestEngine.java:51)
	at org.junit.platform.launcher.core.DefaultLauncher.execute(DefaultLauncher.java:248)
	at org.junit.platform.launcher.core.DefaultLauncher.lambda$execute$5(DefaultLauncher.java:211)
	at org.junit.platform.launcher.core.DefaultLauncher.withInterceptedStreams(DefaultLauncher.java:226)
	at org.junit.platform.launcher.core.DefaultLauncher.execute(DefaultLauncher.java:199)
	at org.junit.platform.launcher.core.DefaultLauncher.execute(DefaultLauncher.java:132)
	at org.gradle.api.internal.tasks.testing.junitplatform.JUnitPlatformTestClassProcessor$CollectAllTestClassesExecutor.processAllTestClasses(JUnitPlatformTestClassProcessor.java:99)
	at org.gradle.api.internal.tasks.testing.junitplatform.JUnitPlatformTestClassProcessor$CollectAllTestClassesExecutor.access$000(JUnitPlatformTestClassProcessor.java:79)
	at org.gradle.api.internal.tasks.testing.junitplatform.JUnitPlatformTestClassProcessor.stop(JUnitPlatformTestClassProcessor.java:75)
	at org.gradle.api.internal.tasks.testing.SuiteTestClassProcessor.stop(SuiteTestClassProcessor.java:61)
	at java.base/jdk.internal.reflect.NativeMethodAccessorImpl.invoke0(Native Method)
	at java.base/jdk.internal.reflect.NativeMethodAccessorImpl.invoke(NativeMethodAccessorImpl.java:64)
	at java.base/jdk.internal.reflect.DelegatingMethodAccessorImpl.invoke(DelegatingMethodAccessorImpl.java:43)
	at java.base/java.lang.reflect.Method.invoke(Method.java:564)
	at org.gradle.internal.dispatch.ReflectionDispatch.dispatch(ReflectionDispatch.java:36)
	at org.gradle.internal.dispatch.ReflectionDispatch.dispatch(ReflectionDispatch.java:24)
	at org.gradle.internal.dispatch.ContextClassLoaderDispatch.dispatch(ContextClassLoaderDispatch.java:33)
	at org.gradle.internal.dispatch.ProxyDispatchAdapter$DispatchingInvocationHandler.invoke(ProxyDispatchAdapter.java:94)
	at com.sun.proxy.$Proxy2.stop(Unknown Source)
	at org.gradle.api.internal.tasks.testing.worker.TestWorker.stop(TestWorker.java:133)
	at java.base/jdk.internal.reflect.NativeMethodAccessorImpl.invoke0(Native Method)
	at java.base/jdk.internal.reflect.NativeMethodAccessorImpl.invoke(NativeMethodAccessorImpl.java:64)
	at java.base/jdk.internal.reflect.DelegatingMethodAccessorImpl.invoke(DelegatingMethodAccessorImpl.java:43)
	at java.base/java.lang.reflect.Method.invoke(Method.java:564)
	at org.gradle.internal.dispatch.ReflectionDispatch.dispatch(ReflectionDispatch.java:36)
	at org.gradle.internal.dispatch.ReflectionDispatch.dispatch(ReflectionDispatch.java:24)
	at org.gradle.internal.remote.internal.hub.MessageHubBackedObjectConnection$DispatchWrapper.dispatch(MessageHubBackedObjectConnection.java:182)
	at org.gradle.internal.remote.internal.hub.MessageHubBackedObjectConnection$DispatchWrapper.dispatch(MessageHubBackedObjectConnection.java:164)
	at org.gradle.internal.remote.internal.hub.MessageHub$Handler.run(MessageHub.java:414)
	at org.gradle.internal.concurrent.ExecutorPolicy$CatchAndRecordFailures.onExecute(ExecutorPolicy.java:64)
	at org.gradle.internal.concurrent.ManagedExecutorImpl$1.run(ManagedExecutorImpl.java:48)
	at java.base/java.util.concurrent.ThreadPoolExecutor.runWorker(ThreadPoolExecutor.java:1130)
	at java.base/java.util.concurrent.ThreadPoolExecutor$Worker.run(ThreadPoolExecutor.java:630)
	at org.gradle.internal.concurrent.ThreadFactoryImpl$ManagedThreadRunnable.run(ThreadFactoryImpl.java:56)
	at java.base/java.lang.Thread.run(Thread.java:832)
</failure>
  </testcase>
  <system-out><![CDATA[(((((((((((((((((((((88
The ID of this file:

11111111-1111-1111-1111-1111111111111

[link to B](22222222-2222-2222-2222-2222222222222) 

[link to C](33333333-3333-3333-3333-3333333333333)

[link to D](44444444-4444-4444-4444-4444444444444)
okay ye
==========
22222222-2222-2222-2222-2222222222222
44444444-4444-4444-4444-4444444444444>6>C:\Users\sebas\IdeaProjects\culprit_2\build\resources\test\compilerTest_testFiles\D_LINKS\input\nested\x2nested\D.md
11111111-1111-1111-1111-1111111111111>6>C:\Users\sebas\IdeaProjects\culprit_2\build\resources\test\compilerTest_testFiles\D_LINKS\input\A.md
22222222-2222-2222-2222-2222222222222>6>C:\Users\sebas\IdeaProjects\culprit_2\build\resources\test\compilerTest_testFiles\D_LINKS\input\B.md
33333333-3333-3333-3333-3333333333333>6>C:\Users\sebas\IdeaProjects\culprit_2\build\resources\test\compilerTest_testFiles\D_LINKS\input\nested\C.md
C:\Users\sebas\IdeaProjects\culprit_2\build\resources\test\compilerTest_testFiles\D_LINKS\input\B.md
==========
C:\Users\sebas\IdeaProjects\culprit_2\build\resources\test\compilerTest_testFiles\D_LINKS\input\A.md
C:\Users\sebas\IdeaProjects\culprit_2\build\resources\test\compilerTest_testFiles\D_LINKS\input\B.md
okay ye
==========
33333333-3333-3333-3333-3333333333333
44444444-4444-4444-4444-4444444444444>6>C:\Users\sebas\IdeaProjects\culprit_2\build\resources\test\compilerTest_testFiles\D_LINKS\input\nested\x2nested\D.md
11111111-1111-1111-1111-1111111111111>6>C:\Users\sebas\IdeaProjects\culprit_2\build\resources\test\compilerTest_testFiles\D_LINKS\input\A.md
22222222-2222-2222-2222-2222222222222>6>C:\Users\sebas\IdeaProjects\culprit_2\build\resources\test\compilerTest_testFiles\D_LINKS\input\B.md
33333333-3333-3333-3333-3333333333333>6>C:\Users\sebas\IdeaProjects\culprit_2\build\resources\test\compilerTest_testFiles\D_LINKS\input\nested\C.md
C:\Users\sebas\IdeaProjects\culprit_2\build\resources\test\compilerTest_testFiles\D_LINKS\input\nested\C.md
==========
C:\Users\sebas\IdeaProjects\culprit_2\build\resources\test\compilerTest_testFiles\D_LINKS\input\A.md
C:\Users\sebas\IdeaProjects\culprit_2\build\resources\test\compilerTest_testFiles\D_LINKS\input\nested\C.md
okay ye
==========
44444444-4444-4444-4444-4444444444444
44444444-4444-4444-4444-4444444444444>6>C:\Users\sebas\IdeaProjects\culprit_2\build\resources\test\compilerTest_testFiles\D_LINKS\input\nested\x2nested\D.md
11111111-1111-1111-1111-1111111111111>6>C:\Users\sebas\IdeaProjects\culprit_2\build\resources\test\compilerTest_testFiles\D_LINKS\input\A.md
22222222-2222-2222-2222-2222222222222>6>C:\Users\sebas\IdeaProjects\culprit_2\build\resources\test\compilerTest_testFiles\D_LINKS\input\B.md
33333333-3333-3333-3333-3333333333333>6>C:\Users\sebas\IdeaProjects\culprit_2\build\resources\test\compilerTest_testFiles\D_LINKS\input\nested\C.md
C:\Users\sebas\IdeaProjects\culprit_2\build\resources\test\compilerTest_testFiles\D_LINKS\input\nested\x2nested\D.md
==========
C:\Users\sebas\IdeaProjects\culprit_2\build\resources\test\compilerTest_testFiles\D_LINKS\input\A.md
C:\Users\sebas\IdeaProjects\culprit_2\build\resources\test\compilerTest_testFiles\D_LINKS\input\nested\x2nested\D.md
C:\Users\sebas\IdeaProjects\culprit_2\build\resources\test\compilerTest_testFiles\D_LINKS\input\A.md
+The ID of this file:

11111111-1111-1111-1111-1111111111111

[link to B](..B.md) 

[link to C](..nestedC.md)

[link to D](..nestedx2nestedD.md)+
(((((((((((((((((((((88
The ID of this file: 

22222222-2222-2222-2222-2222222222222

This file has D_LINKS FileOption sat to true, but doesn't have any FileOption, so the compiler should not do anything to this file. 
C:\Users\sebas\IdeaProjects\culprit_2\build\resources\test\compilerTest_testFiles\D_LINKS\input\B.md
+The ID of this file: 

22222222-2222-2222-2222-2222222222222

This file has D_LINKS FileOption sat to true, but doesn't have any FileOption, so the compiler should not do anything to this file. +
(((((((((((((((((((((88
This file has ID:

33333333-3333-3333-3333-3333333333333

[link to A](11111111-1111-1111-1111-1111111111111)

[link to B](22222222-2222-2222-2222-2222222222222) 

[link to D](44444444-4444-4444-4444-4444444444444)
okay ye
==========
11111111-1111-1111-1111-1111111111111
44444444-4444-4444-4444-4444444444444>6>C:\Users\sebas\IdeaProjects\culprit_2\build\resources\test\compilerTest_testFiles\D_LINKS\input\nested\x2nested\D.md
11111111-1111-1111-1111-1111111111111>6>C:\Users\sebas\IdeaProjects\culprit_2\build\resources\test\compilerTest_testFiles\D_LINKS\input\A.md
22222222-2222-2222-2222-2222222222222>6>C:\Users\sebas\IdeaProjects\culprit_2\build\resources\test\compilerTest_testFiles\D_LINKS\input\B.md
33333333-3333-3333-3333-3333333333333>6>C:\Users\sebas\IdeaProjects\culprit_2\build\resources\test\compilerTest_testFiles\D_LINKS\input\nested\C.md
C:\Users\sebas\IdeaProjects\culprit_2\build\resources\test\compilerTest_testFiles\D_LINKS\input\A.md
==========
C:\Users\sebas\IdeaProjects\culprit_2\build\resources\test\compilerTest_testFiles\D_LINKS\input\nested\C.md
C:\Users\sebas\IdeaProjects\culprit_2\build\resources\test\compilerTest_testFiles\D_LINKS\input\A.md
okay ye
==========
22222222-2222-2222-2222-2222222222222
44444444-4444-4444-4444-4444444444444>6>C:\Users\sebas\IdeaProjects\culprit_2\build\resources\test\compilerTest_testFiles\D_LINKS\input\nested\x2nested\D.md
11111111-1111-1111-1111-1111111111111>6>C:\Users\sebas\IdeaProjects\culprit_2\build\resources\test\compilerTest_testFiles\D_LINKS\input\A.md
22222222-2222-2222-2222-2222222222222>6>C:\Users\sebas\IdeaProjects\culprit_2\build\resources\test\compilerTest_testFiles\D_LINKS\input\B.md
33333333-3333-3333-3333-3333333333333>6>C:\Users\sebas\IdeaProjects\culprit_2\build\resources\test\compilerTest_testFiles\D_LINKS\input\nested\C.md
C:\Users\sebas\IdeaProjects\culprit_2\build\resources\test\compilerTest_testFiles\D_LINKS\input\B.md
==========
C:\Users\sebas\IdeaProjects\culprit_2\build\resources\test\compilerTest_testFiles\D_LINKS\input\nested\C.md
C:\Users\sebas\IdeaProjects\culprit_2\build\resources\test\compilerTest_testFiles\D_LINKS\input\B.md
okay ye
==========
44444444-4444-4444-4444-4444444444444
44444444-4444-4444-4444-4444444444444>6>C:\Users\sebas\IdeaProjects\culprit_2\build\resources\test\compilerTest_testFiles\D_LINKS\input\nested\x2nested\D.md
11111111-1111-1111-1111-1111111111111>6>C:\Users\sebas\IdeaProjects\culprit_2\build\resources\test\compilerTest_testFiles\D_LINKS\input\A.md
22222222-2222-2222-2222-2222222222222>6>C:\Users\sebas\IdeaProjects\culprit_2\build\resources\test\compilerTest_testFiles\D_LINKS\input\B.md
33333333-3333-3333-3333-3333333333333>6>C:\Users\sebas\IdeaProjects\culprit_2\build\resources\test\compilerTest_testFiles\D_LINKS\input\nested\C.md
C:\Users\sebas\IdeaProjects\culprit_2\build\resources\test\compilerTest_testFiles\D_LINKS\input\nested\x2nested\D.md
==========
C:\Users\sebas\IdeaProjects\culprit_2\build\resources\test\compilerTest_testFiles\D_LINKS\input\nested\C.md
C:\Users\sebas\IdeaProjects\culprit_2\build\resources\test\compilerTest_testFiles\D_LINKS\input\nested\x2nested\D.md
C:\Users\sebas\IdeaProjects\culprit_2\build\resources\test\compilerTest_testFiles\D_LINKS\input\nested\C.md
+This file has ID:

33333333-3333-3333-3333-3333333333333

[link to A](....A.md)

[link to B](....B.md) 

[link to D](..x2nestedD.md)+
(((((((((((((((((((((88
This file has ID: 

44444444-4444-4444-4444-4444444444444

[link to A](11111111-1111-1111-1111-1111111111111)

[link to B](22222222-2222-2222-2222-2222222222222) 

[link to C](33333333-3333-3333-3333-3333333333333)
okay ye
==========
11111111-1111-1111-1111-1111111111111
44444444-4444-4444-4444-4444444444444>6>C:\Users\sebas\IdeaProjects\culprit_2\build\resources\test\compilerTest_testFiles\D_LINKS\input\nested\x2nested\D.md
11111111-1111-1111-1111-1111111111111>6>C:\Users\sebas\IdeaProjects\culprit_2\build\resources\test\compilerTest_testFiles\D_LINKS\input\A.md
22222222-2222-2222-2222-2222222222222>6>C:\Users\sebas\IdeaProjects\culprit_2\build\resources\test\compilerTest_testFiles\D_LINKS\input\B.md
33333333-3333-3333-3333-3333333333333>6>C:\Users\sebas\IdeaProjects\culprit_2\build\resources\test\compilerTest_testFiles\D_LINKS\input\nested\C.md
C:\Users\sebas\IdeaProjects\culprit_2\build\resources\test\compilerTest_testFiles\D_LINKS\input\A.md
==========
C:\Users\sebas\IdeaProjects\culprit_2\build\resources\test\compilerTest_testFiles\D_LINKS\input\nested\x2Nested\D.md
C:\Users\sebas\IdeaProjects\culprit_2\build\resources\test\compilerTest_testFiles\D_LINKS\input\A.md
okay ye
==========
22222222-2222-2222-2222-2222222222222
44444444-4444-4444-4444-4444444444444>6>C:\Users\sebas\IdeaProjects\culprit_2\build\resources\test\compilerTest_testFiles\D_LINKS\input\nested\x2nested\D.md
11111111-1111-1111-1111-1111111111111>6>C:\Users\sebas\IdeaProjects\culprit_2\build\resources\test\compilerTest_testFiles\D_LINKS\input\A.md
22222222-2222-2222-2222-2222222222222>6>C:\Users\sebas\IdeaProjects\culprit_2\build\resources\test\compilerTest_testFiles\D_LINKS\input\B.md
33333333-3333-3333-3333-3333333333333>6>C:\Users\sebas\IdeaProjects\culprit_2\build\resources\test\compilerTest_testFiles\D_LINKS\input\nested\C.md
C:\Users\sebas\IdeaProjects\culprit_2\build\resources\test\compilerTest_testFiles\D_LINKS\input\B.md
==========
C:\Users\sebas\IdeaProjects\culprit_2\build\resources\test\compilerTest_testFiles\D_LINKS\input\nested\x2Nested\D.md
C:\Users\sebas\IdeaProjects\culprit_2\build\resources\test\compilerTest_testFiles\D_LINKS\input\B.md
okay ye
==========
33333333-3333-3333-3333-3333333333333
44444444-4444-4444-4444-4444444444444>6>C:\Users\sebas\IdeaProjects\culprit_2\build\resources\test\compilerTest_testFiles\D_LINKS\input\nested\x2nested\D.md
11111111-1111-1111-1111-1111111111111>6>C:\Users\sebas\IdeaProjects\culprit_2\build\resources\test\compilerTest_testFiles\D_LINKS\input\A.md
22222222-2222-2222-2222-2222222222222>6>C:\Users\sebas\IdeaProjects\culprit_2\build\resources\test\compilerTest_testFiles\D_LINKS\input\B.md
33333333-3333-3333-3333-3333333333333>6>C:\Users\sebas\IdeaProjects\culprit_2\build\resources\test\compilerTest_testFiles\D_LINKS\input\nested\C.md
C:\Users\sebas\IdeaProjects\culprit_2\build\resources\test\compilerTest_testFiles\D_LINKS\input\nested\C.md
==========
C:\Users\sebas\IdeaProjects\culprit_2\build\resources\test\compilerTest_testFiles\D_LINKS\input\nested\x2Nested\D.md
C:\Users\sebas\IdeaProjects\culprit_2\build\resources\test\compilerTest_testFiles\D_LINKS\input\nested\C.md
C:\Users\sebas\IdeaProjects\culprit_2\build\resources\test\compilerTest_testFiles\D_LINKS\input\nested\x2Nested\D.md
+This file has ID: 

44444444-4444-4444-4444-4444444444444

[link to A](......A.md)

[link to B](......B.md) 

[link to C](....C.md)+
]]></system-out>
  <system-err><![CDATA[]]></system-err>
</testsuite>
