<?xml version="1.0" encoding="UTF-8"?>
<testsuite name="unitTests.FileOptionExtractorTest" tests="3" skipped="0" failures="0" errors="0" timestamp="2020-12-30T18:19:47" hostname="DESKTOP-S" time="0.014">
  <properties/>
  <testcase name="shouldExtractTwoFileOptions()" classname="unitTests.FileOptionExtractorTest" time="0.004"/>
  <testcase name="shouldExtractFileOption1()" classname="unitTests.FileOptionExtractorTest" time="0.006"/>
  <testcase name="shouldExtractFileOption2()" classname="unitTests.FileOptionExtractorTest" time="0.002"/>
  <system-out><![CDATA[]]></system-out>
  <system-err><![CDATA[]]></system-err>
</testsuite>
