<?xml version="1.0" encoding="UTF-8"?>
<testsuite name="unitTests.FileUtilsSuiteClasses.FileUtils_listAllFilesFrom" tests="2" skipped="0" failures="0" errors="0" timestamp="2020-12-21T18:34:14" hostname="DESKTOP-S" time="0.041">
  <properties/>
  <testcase name="shouldRetrieveAllFiles()" classname="unitTests.FileUtilsSuiteClasses.FileUtils_listAllFilesFrom" time="0.016"/>
  <testcase name="shouldRetrieveFilesDepthFirst()" classname="unitTests.FileUtilsSuiteClasses.FileUtils_listAllFilesFrom" time="0.019"/>
  <system-out><![CDATA[]]></system-out>
  <system-err><![CDATA[]]></system-err>
</testsuite>
