<?xml version="1.0" encoding="UTF-8"?>
<testsuite name="unitTests.FileUtilsSuiteClasses.FileUtils_getRelativePathsRecursivelyFrom" tests="1" skipped="0" failures="0" errors="0" timestamp="2020-12-18T23:31:41" hostname="DESKTOP-S" time="0.003">
  <properties/>
  <testcase name="shouldRetrieveAllRelativePaths()" classname="unitTests.FileUtilsSuiteClasses.FileUtils_getRelativePathsRecursivelyFrom" time="0.003"/>
  <system-out><![CDATA[]]></system-out>
  <system-err><![CDATA[]]></system-err>
</testsuite>
