<?xml version="1.0" encoding="UTF-8"?>
<testsuite name="unitTests.CompilerTest" tests="1" skipped="0" failures="0" errors="0" timestamp="2020-12-27T14:24:44" hostname="DESKTOP-S" time="0.078">
  <properties/>
  <testcase name="shouldCompileDLINKSInFiles()" classname="unitTests.CompilerTest" time="0.078"/>
  <system-out><![CDATA[(((((((((((((((((((((88
The ID of this file:

11111111-1111-1111-1111-1111111111111

[link to B](22222222-2222-2222-2222-2222222222222) 

[link to C](33333333-3333-3333-3333-3333333333333)

[link to D](44444444-4444-4444-4444-4444444444444)
C:\Users\sebas\IdeaProjects\culprit_2\build\resources\test\compilerTest_testFiles\D_LINKS\input\A.md
+The ID of this file:

11111111-1111-1111-1111-1111111111111

[link to B](./B.md) 

[link to C](./nested/C.md)

[link to D](./nested/x2nested/D.md)+
(((((((((((((((((((((88
The ID of this file: 

22222222-2222-2222-2222-2222222222222

This file has D_LINKS FileOption sat to true, but doesn't have any FileOption, so the compiler should not do anything to this file. 
C:\Users\sebas\IdeaProjects\culprit_2\build\resources\test\compilerTest_testFiles\D_LINKS\input\B.md
+The ID of this file: 

22222222-2222-2222-2222-2222222222222

This file has D_LINKS FileOption sat to true, but doesn't have any FileOption, so the compiler should not do anything to this file. +
(((((((((((((((((((((88
This file has ID:

33333333-3333-3333-3333-3333333333333

[link to A](11111111-1111-1111-1111-1111111111111)

[link to B](22222222-2222-2222-2222-2222222222222) 

[link to D](44444444-4444-4444-4444-4444444444444)
C:\Users\sebas\IdeaProjects\culprit_2\build\resources\test\compilerTest_testFiles\D_LINKS\input\nested\C.md
+This file has ID:

33333333-3333-3333-3333-3333333333333

[link to A](./../A.md)

[link to B](./../B.md) 

[link to D](./x2nested/D.md)+
(((((((((((((((((((((88
This file has ID: 

44444444-4444-4444-4444-4444444444444

[link to A](11111111-1111-1111-1111-1111111111111)

[link to B](22222222-2222-2222-2222-2222222222222) 

[link to C](33333333-3333-3333-3333-3333333333333)
C:\Users\sebas\IdeaProjects\culprit_2\build\resources\test\compilerTest_testFiles\D_LINKS\input\nested\x2Nested\D.md
+This file has ID: 

44444444-4444-4444-4444-4444444444444

[link to A](./../../A.md)

[link to B](./../../B.md) 

[link to C](./../C.md)+
]]></system-out>
  <system-err><![CDATA[]]></system-err>
</testsuite>
