<?xml version="1.0" encoding="UTF-8"?>
<testsuite name="unitTests.FileUtilsSuiteClasses.FileUtils_listAllFilesFrom" tests="2" skipped="0" failures="0" errors="0" timestamp="2020-12-18T23:31:41" hostname="DESKTOP-S" time="0.009">
  <properties/>
  <testcase name="shouldRetrieveAllFiles()" classname="unitTests.FileUtilsSuiteClasses.FileUtils_listAllFilesFrom" time="0.002"/>
  <testcase name="shouldRetrieveFilesDepthFirst()" classname="unitTests.FileUtilsSuiteClasses.FileUtils_listAllFilesFrom" time="0.006"/>
  <system-out><![CDATA[]]></system-out>
  <system-err><![CDATA[]]></system-err>
</testsuite>
