<?xml version="1.0" encoding="UTF-8"?>
<testsuite name="unitTests.ValidatorTest" tests="2" skipped="0" failures="0" errors="0" timestamp="2020-12-19T21:28:33" hostname="DESKTOP-S" time="0.036">
  <properties/>
  <testcase name="shouldBeInvalidFileOption()" classname="unitTests.ValidatorTest" time="0.011"/>
  <testcase name="shouldBeValidFileOption()" classname="unitTests.ValidatorTest" time="0.02"/>
  <system-out><![CDATA[]]></system-out>
  <system-err><![CDATA[]]></system-err>
</testsuite>
