<?xml version="1.0" encoding="UTF-8"?>
<testsuite name="unitTests.ValidatorTest" tests="2" skipped="0" failures="0" errors="0" timestamp="2020-12-30T18:19:47" hostname="DESKTOP-S" time="0.006">
  <properties/>
  <testcase name="shouldBeInvalidFileOption()" classname="unitTests.ValidatorTest" time="0.003"/>
  <testcase name="shouldBeValidFileOptionFormat()" classname="unitTests.ValidatorTest" time="0.003"/>
  <system-out><![CDATA[]]></system-out>
  <system-err><![CDATA[]]></system-err>
</testsuite>
