<?xml version="1.0" encoding="UTF-8"?>
<testsuite name="unitTests.DeployerImplTest" tests="4" skipped="0" failures="0" errors="0" timestamp="2020-12-30T18:19:46" hostname="DESKTOP-S" time="0.271">
  <properties/>
  <testcase name="shouldAddIdToContentFilesWithoutOne()" classname="unitTests.DeployerImplTest" time="0.053"/>
  <testcase name="shouldCreateDefaultIndexFilesInDeployFolder()" classname="unitTests.DeployerImplTest" time="0.193"/>
  <testcase name="shouldCopyFileHierarchyToDeployDir()" classname="unitTests.DeployerImplTest" time="0.016"/>
  <testcase name="shouldAddDefaultIndexContentToDefaultCreatedIndexFiles()" classname="unitTests.DeployerImplTest" time="0.003"/>
  <system-out><![CDATA[Generated li: <li >
<a href="./C.html" >
C.html
</a>
</li>

Generated li: <li >
<a href="./index.html" >
index.html
</a>
</li>

Generated li: <li >
<a href="./x2Nested" >
x2Nested
</a>
</li>

Generated li: <li >
<a href="./index.html" >
index.html
</a>
</li>

Generated li: <li >
<a href="./nested" >
nested
</a>
</li>

Generated li: <li >
<a href="./A.html" >
A.html
</a>
</li>

Generated li: <li >
<a href="./B.html" >
B.html
</a>
</li>

Generated li: <li >
<a href="./index.html" >
index.html
</a>
</li>

]]></system-out>
  <system-err><![CDATA[]]></system-err>
</testsuite>
